# JRE version: Java(TM) SE Runtime Environment (8.0_131-b11) (build 1.8.0_131-b11)
# Java VM: Java HotSpot(TM) 64-Bit Server VM (25.131-b11 mixed mode windows-amd64 compressed oops)
Heap:
 PSYoungGen      total 391680K, used 227486K [0x00000000d5f00000, 0x00000000f9300000, 0x0000000100000000)
  eden space 390144K, 57% used [0x00000000d5f00000,0x00000000e3bebad8,0x00000000edc00000)
  from space 1536K, 82% used [0x00000000f7a80000,0x00000000f7bbc010,0x00000000f7c00000)
  to   space 12800K, 0% used [0x00000000f8680000,0x00000000f8680000,0x00000000f9300000)
 ParOldGen       total 104960K, used 68125K [0x0000000081c00000, 0x0000000088280000, 0x00000000d5f00000)
  object space 104960K, 64% used [0x0000000081c00000,0x0000000085e877a8,0x0000000088280000)
 Metaspace       used 68419K, capacity 72066K, committed 72192K, reserved 1112064K
  class space    used 9192K, capacity 9872K, committed 9984K, reserved 1048576K
GC Heap History (10 events):
Event: 14288.639 GC heap before
{Heap before GC invocations=35 (full 6):
 PSYoungGen      total 488448K, used 488352K [0x00000000d5f00000, 0x00000000fb100000, 0x0000000100000000)
  eden space 487936K, 100% used [0x00000000d5f00000,0x00000000f3b80000,0x00000000f3b80000)
  from space 512K, 81% used [0x00000000fb080000,0x00000000fb0e8000,0x00000000fb100000)
  to   space 17408K, 0% used [0x00000000f8f00000,0x00000000f8f00000,0x00000000fa000000)
 ParOldGen       total 104960K, used 68085K [0x0000000081c00000, 0x0000000088280000, 0x00000000d5f00000)
  object space 104960K, 64% used [0x0000000081c00000,0x0000000085e7d7a8,0x0000000088280000)
 Metaspace       used 66748K, capacity 70224K, committed 70272K, reserved 1110016K
  class space    used 8943K, capacity 9592K, committed 9600K, reserved 1048576K
Event: 14288.646 GC heap after
Heap after GC invocations=35 (full 6):
 PSYoungGen      total 483840K, used 640K [0x00000000d5f00000, 0x00000000fb100000, 0x0000000100000000)
  eden space 466432K, 0% used [0x00000000d5f00000,0x00000000d5f00000,0x00000000f2680000)
  from space 17408K, 3% used [0x00000000f8f00000,0x00000000f8fa0000,0x00000000fa000000)
  to   space 16896K, 0% used [0x00000000fa080000,0x00000000fa080000,0x00000000fb100000)
 ParOldGen       total 104960K, used 68093K [0x0000000081c00000, 0x0000000088280000, 0x00000000d5f00000)
  object space 104960K, 64% used [0x0000000081c00000,0x0000000085e7f7a8,0x0000000088280000)
 Metaspace       used 66748K, capacity 70224K, committed 70272K, reserved 1110016K
  class space    used 8943K, capacity 9592K, committed 9600K, reserved 1048576K
}
Event: 15199.769 GC heap before
{Heap before GC invocations=36 (full 6):
 PSYoungGen      total 483840K, used 467072K [0x00000000d5f00000, 0x00000000fb100000, 0x0000000100000000)
  eden space 466432K, 100% used [0x00000000d5f00000,0x00000000f2680000,0x00000000f2680000)
  from space 17408K, 3% used [0x00000000f8f00000,0x00000000f8fa0000,0x00000000fa000000)
  to   space 16896K, 0% used [0x00000000fa080000,0x00000000fa080000,0x00000000fb100000)
 ParOldGen       total 104960K, used 68093K [0x0000000081c00000, 0x0000000088280000, 0x00000000d5f00000)
  object space 104960K, 64% used [0x0000000081c00000,0x0000000085e7f7a8,0x0000000088280000)
 Metaspace       used 66764K, capacity 70224K, committed 70272K, reserved 1110016K
  class space    used 8943K, capacity 9592K, committed 9600K, reserved 1048576K
Event: 15199.779 GC heap after
Heap after GC invocations=36 (full 6):
 PSYoungGen      total 446464K, used 448K [0x00000000d5f00000, 0x00000000fa100000, 0x0000000100000000)
  eden space 445952K, 0% used [0x00000000d5f00000,0x00000000d5f00000,0x00000000f1280000)
  from space 512K, 87% used [0x00000000fa080000,0x00000000fa0f0000,0x00000000fa100000)
  to   space 15872K, 0% used [0x00000000f8200000,0x00000000f8200000,0x00000000f9180000)
 ParOldGen       total 104960K, used 68101K [0x0000000081c00000, 0x0000000088280000, 0x00000000d5f00000)
  object space 104960K, 64% used [0x0000000081c00000,0x0000000085e817a8,0x0000000088280000)
 Metaspace       used 66764K, capacity 70224K, committed 70272K, reserved 1110016K
  class space    used 8943K, capacity 9592K, committed 9600K, reserved 1048576K
}
Event: 16068.483 GC heap before
{Heap before GC invocations=37 (full 6):
 PSYoungGen      total 446464K, used 446400K [0x00000000d5f00000, 0x00000000fa100000, 0x0000000100000000)
  eden space 445952K, 100% used [0x00000000d5f00000,0x00000000f1280000,0x00000000f1280000)
  from space 512K, 87% used [0x00000000fa080000,0x00000000fa0f0000,0x00000000fa100000)
  to   space 15872K, 0% used [0x00000000f8200000,0x00000000f8200000,0x00000000f9180000)
 ParOldGen       total 104960K, used 68101K [0x0000000081c00000, 0x0000000088280000, 0x00000000d5f00000)
  object space 104960K, 64% used [0x0000000081c00000,0x0000000085e817a8,0x0000000088280000)
 Metaspace       used 66800K, capacity 70356K, committed 70528K, reserved 1110016K
  class space    used 8943K, capacity 9592K, committed 9600K, reserved 1048576K
Event: 16068.490 GC heap after
Heap after GC invocations=37 (full 6):
 PSYoungGen      total 442368K, used 416K [0x00000000d5f00000, 0x00000000fa100000, 0x0000000100000000)
  eden space 426496K, 0% used [0x00000000d5f00000,0x00000000d5f00000,0x00000000eff80000)
  from space 15872K, 2% used [0x00000000f8200000,0x00000000f8268000,0x00000000f9180000)
  to   space 14848K, 0% used [0x00000000f9280000,0x00000000f9280000,0x00000000fa100000)
 ParOldGen       total 104960K, used 68109K [0x0000000081c00000, 0x0000000088280000, 0x00000000d5f00000)
  object space 104960K, 64% used [0x0000000081c00000,0x0000000085e837a8,0x0000000088280000)
 Metaspace       used 66800K, capacity 70356K, committed 70528K, reserved 1110016K
  class space    used 8943K, capacity 9592K, committed 9600K, reserved 1048576K
}
Event: 16834.925 GC heap before
{Heap before GC invocations=38 (full 6):
 PSYoungGen      total 442368K, used 426912K [0x00000000d5f00000, 0x00000000fa100000, 0x0000000100000000)
  eden space 426496K, 100% used [0x00000000d5f00000,0x00000000eff80000,0x00000000eff80000)
  from space 15872K, 2% used [0x00000000f8200000,0x00000000f8268000,0x00000000f9180000)
  to   space 14848K, 0% used [0x00000000f9280000,0x00000000f9280000,0x00000000fa100000)
 ParOldGen       total 104960K, used 68109K [0x0000000081c00000, 0x0000000088280000, 0x00000000d5f00000)
  object space 104960K, 64% used [0x0000000081c00000,0x0000000085e837a8,0x0000000088280000)
 Metaspace       used 68335K, capacity 71954K, committed 72192K, reserved 1112064K
  class space    used 9179K, capacity 9863K, committed 9984K, reserved 1048576K
Event: 16834.946 GC heap after
Heap after GC invocations=38 (full 6):
 PSYoungGen      total 411136K, used 2774K [0x00000000d5f00000, 0x00000000f9580000, 0x0000000100000000)
  eden space 408064K, 0% used [0x00000000d5f00000,0x00000000d5f00000,0x00000000eed80000)
  from space 3072K, 90% used [0x00000000f9280000,0x00000000f9535af0,0x00000000f9580000)
  to   space 13824K, 0% used [0x00000000f7a80000,0x00000000f7a80000,0x00000000f8800000)
 ParOldGen       total 104960K, used 68117K [0x0000000081c00000, 0x0000000088280000, 0x00000000d5f00000)
  object space 104960K, 64% used [0x0000000081c00000,0x0000000085e857a8,0x0000000088280000)
 Metaspace       used 68335K, capacity 71954K, committed 72192K, reserved 1112064K
  class space    used 9179K, capacity 9863K, committed 9984K, reserved 1048576K
}
Event: 17626.779 GC heap before
{Heap before GC invocations=39 (full 6):
 PSYoungGen      total 411136K, used 410838K [0x00000000d5f00000, 0x00000000f9580000, 0x0000000100000000)
  eden space 408064K, 100% used [0x00000000d5f00000,0x00000000eed80000,0x00000000eed80000)
  from space 3072K, 90% used [0x00000000f9280000,0x00000000f9535af0,0x00000000f9580000)
  to   space 13824K, 0% used [0x00000000f7a80000,0x00000000f7a80000,0x00000000f8800000)
 ParOldGen       total 104960K, used 68117K [0x0000000081c00000, 0x0000000088280000, 0x00000000d5f00000)
  object space 104960K, 64% used [0x0000000081c00000,0x0000000085e857a8,0x0000000088280000)
 Metaspace       used 68347K, capacity 71972K, committed 72192K, reserved 1112064K
  class space    used 9181K, capacity 9866K, committed 9984K, reserved 1048576K
Event: 17626.789 GC heap after
Heap after GC invocations=39 (full 6):
 PSYoungGen      total 391680K, used 1264K [0x00000000d5f00000, 0x00000000f9300000, 0x0000000100000000)
  eden space 390144K, 0% used [0x00000000d5f00000,0x00000000d5f00000,0x00000000edc00000)
  from space 1536K, 82% used [0x00000000f7a80000,0x00000000f7bbc010,0x00000000f7c00000)
  to   space 12800K, 0% used [0x00000000f8680000,0x00000000f8680000,0x00000000f9300000)
 ParOldGen       total 104960K, used 68125K [0x0000000081c00000, 0x0000000088280000, 0x00000000d5f00000)
  object space 104960K, 64% used [0x0000000081c00000,0x0000000085e877a8,0x0000000088280000)
 Metaspace       used 68347K, capacity 71972K, committed 72192K, reserved 1112064K
  class space    used 9181K, capacity 9866K, committed 9984K, reserved 1048576K
}

